# JRE version: Java(TM) SE Runtime Environment (8.0_241-b07) (build 1.8.0_241-b07)
# Java VM: Java HotSpot(TM) Client VM (25.241-b07 mixed mode windows-x86 )
Heap:
 def new generation   total 4992K, used 512K [0x05400000, 0x05960000, 0x0a950000)
  eden space 4480K,   0% used [0x05400000, 0x05400000, 0x05860000)
  from space 512K, 100% used [0x058e0000, 0x05960000, 0x05960000)
  to   space 512K,   0% used [0x05860000, 0x05860000, 0x058e0000)
 tenured generation   total 11072K, used 11049K [0x0a950000, 0x0b420000, 0x15400000)
   the space 11072K,  99% used [0x0a950000, 0x0b41a720, 0x0b41a800, 0x0b420000)
 Metaspace       used 17121K, capacity 17367K, committed 17408K, reserved 17792K
GC Heap History (10 events):
Event: 3.452 GC heap after
Heap after GC invocations=13 (full 1):
 def new generation   total 4992K, used 512K [0x05400000, 0x05960000, 0x0a950000)
  eden space 4480K,   0% used [0x05400000, 0x05400000, 0x05860000)
  from space 512K, 100% used [0x05860000, 0x058e0000, 0x058e0000)
  to   space 512K,   0% used [0x058e0000, 0x058e0000, 0x05960000)
 tenured generation   total 10944K, used 6708K [0x0a950000, 0x0b400000, 0x15400000)
   the space 10944K,  61% used [0x0a950000, 0x0afdd058, 0x0afdd200, 0x0b400000)
 Metaspace       used 14136K, capacity 14311K, committed 14464K, reserved 14720K
}
Event: 19.257 GC heap before
{Heap before GC invocations=13 (full 1):
 def new generation   total 4992K, used 4992K [0x05400000, 0x05960000, 0x0a950000)
  eden space 4480K, 100% used [0x05400000, 0x05860000, 0x05860000)
  from space 512K, 100% used [0x05860000, 0x058e0000, 0x058e0000)
  to   space 512K,   0% used [0x058e0000, 0x058e0000, 0x05960000)
 tenured generation   total 10944K, used 6708K [0x0a950000, 0x0b400000, 0x15400000)
   the space 10944K,  61% used [0x0a950000, 0x0afdd058, 0x0afdd200, 0x0b400000)
 Metaspace       used 15042K, capacity 15207K, committed 15360K, reserved 15744K
Event: 19.261 GC heap after
Heap after GC invocations=14 (full 1):
 def new generation   total 4992K, used 512K [0x05400000, 0x05960000, 0x0a950000)
  eden space 4480K,   0% used [0x05400000, 0x05400000, 0x05860000)
  from space 512K, 100% used [0x058e0000, 0x05960000, 0x05960000)
  to   space 512K,   0% used [0x05860000, 0x05860000, 0x058e0000)
 tenured generation   total 10944K, used 8154K [0x0a950000, 0x0b400000, 0x15400000)
   the space 10944K,  74% used [0x0a950000, 0x0b146970, 0x0b146a00, 0x0b400000)
 Metaspace       used 15042K, capacity 15207K, committed 15360K, reserved 15744K
}
Event: 19.407 GC heap before
{Heap before GC invocations=14 (full 1):
 def new generation   total 4992K, used 4992K [0x05400000, 0x05960000, 0x0a950000)
  eden space 4480K, 100% used [0x05400000, 0x05860000, 0x05860000)
  from space 512K, 100% used [0x058e0000, 0x05960000, 0x05960000)
  to   space 512K,   0% used [0x05860000, 0x05860000, 0x058e0000)
 tenured generation   total 10944K, used 8154K [0x0a950000, 0x0b400000, 0x15400000)
   the space 10944K,  74% used [0x0a950000, 0x0b146970, 0x0b146a00, 0x0b400000)
 Metaspace       used 15775K, capacity 15993K, committed 16128K, reserved 16768K
Event: 19.410 GC heap after
Heap after GC invocations=15 (full 1):
 def new generation   total 4992K, used 511K [0x05400000, 0x05960000, 0x0a950000)
  eden space 4480K,   0% used [0x05400000, 0x05400000, 0x05860000)
  from space 512K,  99% used [0x05860000, 0x058dfff8, 0x058e0000)
  to   space 512K,   0% used [0x058e0000, 0x058e0000, 0x05960000)
 tenured generation   total 10944K, used 9187K [0x0a950000, 0x0b400000, 0x15400000)
   the space 10944K,  83% used [0x0a950000, 0x0b248fd8, 0x0b249000, 0x0b400000)
 Metaspace       used 15775K, capacity 15993K, committed 16128K, reserved 16768K
}
Event: 19.532 GC heap before
{Heap before GC invocations=15 (full 1):
 def new generation   total 4992K, used 4991K [0x05400000, 0x05960000, 0x0a950000)
  eden space 4480K, 100% used [0x05400000, 0x05860000, 0x05860000)
  from space 512K,  99% used [0x05860000, 0x058dfff8, 0x058e0000)
  to   space 512K,   0% used [0x058e0000, 0x058e0000, 0x05960000)
 tenured generation   total 10944K, used 9187K [0x0a950000, 0x0b400000, 0x15400000)
   the space 10944K,  83% used [0x0a950000, 0x0b248fd8, 0x0b249000, 0x0b400000)
 Metaspace       used 16458K, capacity 16700K, committed 16768K, reserved 16768K
Event: 19.536 GC heap after
Heap after GC invocations=16 (full 1):
 def new generation   total 4992K, used 512K [0x05400000, 0x05960000, 0x0a950000)
  eden space 4480K,   0% used [0x05400000, 0x05400000, 0x05860000)
  from space 512K, 100% used [0x058e0000, 0x05960000, 0x05960000)
  to   space 512K,   0% used [0x05860000, 0x05860000, 0x058e0000)
 tenured generation   total 10944K, used 10033K [0x0a950000, 0x0b400000, 0x15400000)
   the space 10944K,  91% used [0x0a950000, 0x0b31c4c0, 0x0b31c600, 0x0b400000)
 Metaspace       used 16458K, capacity 16700K, committed 16768K, reserved 16768K
}
Event: 19.579 GC heap before
{Heap before GC invocations=16 (full 1):
 def new generation   total 4992K, used 4992K [0x05400000, 0x05960000, 0x0a950000)
  eden space 4480K, 100% used [0x05400000, 0x05860000, 0x05860000)
  from space 512K, 100% used [0x058e0000, 0x05960000, 0x05960000)
  to   space 512K,   0% used [0x05860000, 0x05860000, 0x058e0000)
 tenured generation   total 10944K, used 10033K [0x0a950000, 0x0b400000, 0x15400000)
   the space 10944K,  91% used [0x0a950000, 0x0b31c4c0, 0x0b31c600, 0x0b400000)
 Metaspace       used 16464K, capacity 16700K, committed 16768K, reserved 16768K
Event: 19.582 GC heap after
Heap after GC invocations=17 (full 1):
 def new generation   total 4992K, used 203K [0x05400000, 0x05960000, 0x0a950000)
  eden space 4480K,   0% used [0x05400000, 0x05400000, 0x05860000)
  from space 512K,  39% used [0x05860000, 0x05892e88, 0x058e0000)
  to   space 512K,   0% used [0x058e0000, 0x058e0000, 0x05960000)
 tenured generation   total 10944K, used 10359K [0x0a950000, 0x0b400000, 0x15400000)
   the space 10944K,  94% used [0x0a950000, 0x0b36ddb8, 0x0b36de00, 0x0b400000)
 Metaspace       used 16464K, capacity 16700K, committed 16768K, reserved 16768K
}
Event: 19.687 GC heap before
{Heap before GC invocations=17 (full 1):
 def new generation   total 4992K, used 4683K [0x05400000, 0x05960000, 0x0a950000)
  eden space 4480K, 100% used [0x05400000, 0x05860000, 0x05860000)
  from space 512K,  39% used [0x05860000, 0x05892e88, 0x058e0000)
  to   space 512K,   0% used [0x058e0000, 0x058e0000, 0x05960000)
 tenured generation   total 10944K, used 10359K [0x0a950000, 0x0b400000, 0x15400000)
   the space 10944K,  94% used [0x0a950000, 0x0b36ddb8, 0x0b36de00, 0x0b400000)
 Metaspace       used 17121K, capacity 17367K, committed 17408K, reserved 17792K

