# JRE version: Java(TM) SE Runtime Environment (8.0_241-b07) (build 1.8.0_241-b07)
# Java VM: Java HotSpot(TM) Client VM (25.241-b07 mixed mode windows-x86 )
Heap:
 def new generation   total 4992K, used 4446K [0x04800000, 0x04d60000, 0x09d50000)
  eden space 4480K,  87% used [0x04800000, 0x04bd7910, 0x04c60000)
  from space 512K, 100% used [0x04ce0000, 0x04d60000, 0x04d60000)
  to   space 512K,   0% used [0x04c60000, 0x04c60000, 0x04ce0000)
 tenured generation   total 10944K, used 8046K [0x09d50000, 0x0a800000, 0x14800000)
   the space 10944K,  73% used [0x09d50000, 0x0a52b978, 0x0a52ba00, 0x0a800000)
 Metaspace       used 15693K, capacity 15874K, committed 16000K, reserved 16768K
GC Heap History (10 events):
Event: 1.671 GC heap before
{Heap before GC invocations=9 (full 0):
 def new generation   total 4928K, used 4928K [0x04800000, 0x04d50000, 0x09d50000)
  eden space 4416K, 100% used [0x04800000, 0x04c50000, 0x04c50000)
  from space 512K, 100% used [0x04cd0000, 0x04d50000, 0x04d50000)
  to   space 512K,   0% used [0x04c50000, 0x04c50000, 0x04cd0000)
 tenured generation   total 10944K, used 8912K [0x09d50000, 0x0a800000, 0x14800000)
   the space 10944K,  81% used [0x09d50000, 0x0a604130, 0x0a604200, 0x0a800000)
 Metaspace       used 11596K, capacity 11748K, committed 11904K, reserved 12672K
Event: 1.676 GC heap after
Heap after GC invocations=10 (full 0):
 def new generation   total 4928K, used 512K [0x04800000, 0x04d50000, 0x09d50000)
  eden space 4416K,   0% used [0x04800000, 0x04800000, 0x04c50000)
  from space 512K, 100% used [0x04c50000, 0x04cd0000, 0x04cd0000)
  to   space 512K,   0% used [0x04cd0000, 0x04cd0000, 0x04d50000)
 tenured generation   total 10944K, used 10322K [0x09d50000, 0x0a800000, 0x14800000)
   the space 10944K,  94% used [0x09d50000, 0x0a764b88, 0x0a764c00, 0x0a800000)
 Metaspace       used 11596K, capacity 11748K, committed 11904K, reserved 12672K
}
Event: 1.727 GC heap before
{Heap before GC invocations=10 (full 0):
 def new generation   total 4928K, used 3489K [0x04800000, 0x04d50000, 0x09d50000)
  eden space 4416K,  67% used [0x04800000, 0x04ae8468, 0x04c50000)
  from space 512K, 100% used [0x04c50000, 0x04cd0000, 0x04cd0000)
  to   space 512K,   0% used [0x04cd0000, 0x04cd0000, 0x04d50000)
 tenured generation   total 10944K, used 10322K [0x09d50000, 0x0a800000, 0x14800000)
   the space 10944K,  94% used [0x09d50000, 0x0a764b88, 0x0a764c00, 0x0a800000)
 Metaspace       used 12081K, capacity 12228K, committed 12288K, reserved 12672K
Event: 1.742 GC heap after
Heap after GC invocations=11 (full 1):
 def new generation   total 4992K, used 0K [0x04800000, 0x04d60000, 0x09d50000)
  eden space 4480K,   0% used [0x04800000, 0x04800000, 0x04c60000)
  from space 512K,   0% used [0x04c60000, 0x04c60000, 0x04ce0000)
  to   space 512K,   0% used [0x04ce0000, 0x04ce0000, 0x04d60000)
 tenured generation   total 10944K, used 4391K [0x09d50000, 0x0a800000, 0x14800000)
   the space 10944K,  40% used [0x09d50000, 0x0a199f70, 0x0a19a000, 0x0a800000)
 Metaspace       used 12081K, capacity 12228K, committed 12288K, reserved 12672K
}
Event: 1.842 GC heap before
{Heap before GC invocations=11 (full 1):
 def new generation   total 4992K, used 4480K [0x04800000, 0x04d60000, 0x09d50000)
  eden space 4480K, 100% used [0x04800000, 0x04c60000, 0x04c60000)
  from space 512K,   0% used [0x04c60000, 0x04c60000, 0x04ce0000)
  to   space 512K,   0% used [0x04ce0000, 0x04ce0000, 0x04d60000)
 tenured generation   total 10944K, used 4391K [0x09d50000, 0x0a800000, 0x14800000)
   the space 10944K,  40% used [0x09d50000, 0x0a199f70, 0x0a19a000, 0x0a800000)
 Metaspace       used 13065K, capacity 13252K, committed 13312K, reserved 13696K
Event: 1.845 GC heap after
Heap after GC invocations=12 (full 1):
 def new generation   total 4992K, used 512K [0x04800000, 0x04d60000, 0x09d50000)
  eden space 4480K,   0% used [0x04800000, 0x04800000, 0x04c60000)
  from space 512K, 100% used [0x04ce0000, 0x04d60000, 0x04d60000)
  to   space 512K,   0% used [0x04c60000, 0x04c60000, 0x04ce0000)
 tenured generation   total 10944K, used 5598K [0x09d50000, 0x0a800000, 0x14800000)
   the space 10944K,  51% used [0x09d50000, 0x0a2c7bf0, 0x0a2c7c00, 0x0a800000)
 Metaspace       used 13065K, capacity 13252K, committed 13312K, reserved 13696K
}
Event: 2.550 GC heap before
{Heap before GC invocations=12 (full 1):
 def new generation   total 4992K, used 4992K [0x04800000, 0x04d60000, 0x09d50000)
  eden space 4480K, 100% used [0x04800000, 0x04c60000, 0x04c60000)
  from space 512K, 100% used [0x04ce0000, 0x04d60000, 0x04d60000)
  to   space 512K,   0% used [0x04c60000, 0x04c60000, 0x04ce0000)
 tenured generation   total 10944K, used 5598K [0x09d50000, 0x0a800000, 0x14800000)
   the space 10944K,  51% used [0x09d50000, 0x0a2c7bf0, 0x0a2c7c00, 0x0a800000)
 Metaspace       used 14136K, capacity 14311K, committed 14464K, reserved 14720K
Event: 2.554 GC heap after
Heap after GC invocations=13 (full 1):
 def new generation   total 4992K, used 511K [0x04800000, 0x04d60000, 0x09d50000)
  eden space 4480K,   0% used [0x04800000, 0x04800000, 0x04c60000)
  from space 512K,  99% used [0x04c60000, 0x04cdfff8, 0x04ce0000)
  to   space 512K,   0% used [0x04ce0000, 0x04ce0000, 0x04d60000)
 tenured generation   total 10944K, used 6784K [0x09d50000, 0x0a800000, 0x14800000)
   the space 10944K,  61% used [0x09d50000, 0x0a3f0058, 0x0a3f0200, 0x0a800000)
 Metaspace       used 14136K, capacity 14311K, committed 14464K, reserved 14720K
}
Event: 17.966 GC heap before
{Heap before GC invocations=13 (full 1):
 def new generation   total 4992K, used 4988K [0x04800000, 0x04d60000, 0x09d50000)
  eden space 4480K,  99% used [0x04800000, 0x04c5f088, 0x04c60000)
  from space 512K,  99% used [0x04c60000, 0x04cdfff8, 0x04ce0000)
  to   space 512K,   0% used [0x04ce0000, 0x04ce0000, 0x04d60000)
 tenured generation   total 10944K, used 6784K [0x09d50000, 0x0a800000, 0x14800000)
   the space 10944K,  61% used [0x09d50000, 0x0a3f0058, 0x0a3f0200, 0x0a800000)
 Metaspace       used 14956K, capacity 15136K, committed 15232K, reserved 15744K
Event: 17.969 GC heap after
Heap after GC invocations=14 (full 1):
 def new generation   total 4992K, used 512K [0x04800000, 0x04d60000, 0x09d50000)
  eden space 4480K,   0% used [0x04800000, 0x04800000, 0x04c60000)
  from space 512K, 100% used [0x04ce0000, 0x04d60000, 0x04d60000)
  to   space 512K,   0% used [0x04c60000, 0x04c60000, 0x04ce0000)
 tenured generation   total 10944K, used 8046K [0x09d50000, 0x0a800000, 0x14800000)
   the space 10944K,  73% used [0x09d50000, 0x0a52b978, 0x0a52ba00, 0x0a800000)
 Metaspace       used 14956K, capacity 15136K, committed 15232K, reserved 15744K
}

