# JRE version: Java(TM) SE Runtime Environment (8.0_241-b07) (build 1.8.0_241-b07)
# Java VM: Java HotSpot(TM) Client VM (25.241-b07 mixed mode windows-x86 )
Heap:
 def new generation   total 7488K, used 3641K [0x04c00000, 0x05410000, 0x0a150000)
  eden space 6720K,  51% used [0x04c00000, 0x04f5d418, 0x05290000)
  from space 768K,  25% used [0x05290000, 0x052c10f8, 0x05350000)
  to   space 768K,   0% used [0x05350000, 0x05350000, 0x05410000)
 tenured generation   total 16404K, used 16026K [0x0a150000, 0x0b155000, 0x14c00000)
   the space 16404K,  97% used [0x0a150000, 0x0b0f6950, 0x0b0f6a00, 0x0b155000)
 Metaspace       used 25159K, capacity 26135K, committed 26240K, reserved 27008K
GC Heap History (10 events):
Event: 85.486 GC heap before
{Heap before GC invocations=26 (full 3):
 def new generation   total 7488K, used 7488K [0x04c00000, 0x05410000, 0x0a150000)
  eden space 6720K, 100% used [0x04c00000, 0x05290000, 0x05290000)
  from space 768K, 100% used [0x05350000, 0x05410000, 0x05410000)
  to   space 768K,   0% used [0x05290000, 0x05290000, 0x05350000)
 tenured generation   total 16404K, used 10646K [0x0a150000, 0x0b155000, 0x14c00000)
   the space 16404K,  64% used [0x0a150000, 0x0abb5b48, 0x0abb5c00, 0x0b155000)
 Metaspace       used 24544K, capacity 25454K, committed 25472K, reserved 25984K
Event: 85.492 GC heap after
Heap after GC invocations=27 (full 3):
 def new generation   total 7488K, used 768K [0x04c00000, 0x05410000, 0x0a150000)
  eden space 6720K,   0% used [0x04c00000, 0x04c00000, 0x05290000)
  from space 768K, 100% used [0x05290000, 0x05350000, 0x05350000)
  to   space 768K,   0% used [0x05350000, 0x05350000, 0x05410000)
 tenured generation   total 16404K, used 12028K [0x0a150000, 0x0b155000, 0x14c00000)
   the space 16404K,  73% used [0x0a150000, 0x0ad0f3d8, 0x0ad0f400, 0x0b155000)
 Metaspace       used 24544K, capacity 25454K, committed 25472K, reserved 25984K
}
Event: 91.084 GC heap before
{Heap before GC invocations=27 (full 3):
 def new generation   total 7488K, used 7483K [0x04c00000, 0x05410000, 0x0a150000)
  eden space 6720K,  99% used [0x04c00000, 0x0528ee00, 0x05290000)
  from space 768K, 100% used [0x05290000, 0x05350000, 0x05350000)
  to   space 768K,   0% used [0x05350000, 0x05350000, 0x05410000)
 tenured generation   total 16404K, used 12028K [0x0a150000, 0x0b155000, 0x14c00000)
   the space 16404K,  73% used [0x0a150000, 0x0ad0f3d8, 0x0ad0f400, 0x0b155000)
 Metaspace       used 24666K, capacity 25590K, committed 25600K, reserved 25984K
Event: 91.088 GC heap after
Heap after GC invocations=28 (full 3):
 def new generation   total 7488K, used 768K [0x04c00000, 0x05410000, 0x0a150000)
  eden space 6720K,   0% used [0x04c00000, 0x04c00000, 0x05290000)
  from space 768K, 100% used [0x05350000, 0x05410000, 0x05410000)
  to   space 768K,   0% used [0x05290000, 0x05290000, 0x05350000)
 tenured generation   total 16404K, used 13434K [0x0a150000, 0x0b155000, 0x14c00000)
   the space 16404K,  81% used [0x0a150000, 0x0ae6eb28, 0x0ae6ec00, 0x0b155000)
 Metaspace       used 24666K, capacity 25590K, committed 25600K, reserved 25984K
}
Event: 99.757 GC heap before
{Heap before GC invocations=28 (full 3):
 def new generation   total 7488K, used 7464K [0x04c00000, 0x05410000, 0x0a150000)
  eden space 6720K,  99% used [0x04c00000, 0x0528a2d8, 0x05290000)
  from space 768K, 100% used [0x05350000, 0x05410000, 0x05410000)
  to   space 768K,   0% used [0x05290000, 0x05290000, 0x05350000)
 tenured generation   total 16404K, used 13434K [0x0a150000, 0x0b155000, 0x14c00000)
   the space 16404K,  81% used [0x0a150000, 0x0ae6eb28, 0x0ae6ec00, 0x0b155000)
 Metaspace       used 24822K, capacity 25787K, committed 25856K, reserved 25984K
Event: 99.762 GC heap after
Heap after GC invocations=29 (full 3):
 def new generation   total 7488K, used 767K [0x04c00000, 0x05410000, 0x0a150000)
  eden space 6720K,   0% used [0x04c00000, 0x04c00000, 0x05290000)
  from space 768K,  99% used [0x05290000, 0x0534fff8, 0x05350000)
  to   space 768K,   0% used [0x05350000, 0x05350000, 0x05410000)
 tenured generation   total 16404K, used 14997K [0x0a150000, 0x0b155000, 0x14c00000)
   the space 16404K,  91% used [0x0a150000, 0x0aff5680, 0x0aff5800, 0x0b155000)
 Metaspace       used 24822K, capacity 25787K, committed 25856K, reserved 25984K
}
Event: 586.410 GC heap before
{Heap before GC invocations=29 (full 3):
 def new generation   total 7488K, used 7487K [0x04c00000, 0x05410000, 0x0a150000)
  eden space 6720K, 100% used [0x04c00000, 0x05290000, 0x05290000)
  from space 768K,  99% used [0x05290000, 0x0534fff8, 0x05350000)
  to   space 768K,   0% used [0x05350000, 0x05350000, 0x05410000)
 tenured generation   total 16404K, used 14997K [0x0a150000, 0x0b155000, 0x14c00000)
   the space 16404K,  91% used [0x0a150000, 0x0aff5680, 0x0aff5800, 0x0b155000)
 Metaspace       used 25159K, capacity 26135K, committed 26240K, reserved 27008K
Event: 586.417 GC heap after
Heap after GC invocations=30 (full 3):
 def new generation   total 7488K, used 767K [0x04c00000, 0x05410000, 0x0a150000)
  eden space 6720K,   0% used [0x04c00000, 0x04c00000, 0x05290000)
  from space 768K,  99% used [0x05350000, 0x0540fff8, 0x05410000)
  to   space 768K,   0% used [0x05290000, 0x05290000, 0x05350000)
 tenured generation   total 16404K, used 15643K [0x0a150000, 0x0b155000, 0x14c00000)
   the space 16404K,  95% used [0x0a150000, 0x0b096ca0, 0x0b096e00, 0x0b155000)
 Metaspace       used 25159K, capacity 26135K, committed 26240K, reserved 27008K
}
Event: 1990.797 GC heap before
{Heap before GC invocations=30 (full 3):
 def new generation   total 7488K, used 7481K [0x04c00000, 0x05410000, 0x0a150000)
  eden space 6720K,  99% used [0x04c00000, 0x0528e490, 0x05290000)
  from space 768K,  99% used [0x05350000, 0x0540fff8, 0x05410000)
  to   space 768K,   0% used [0x05290000, 0x05290000, 0x05350000)
 tenured generation   total 16404K, used 15643K [0x0a150000, 0x0b155000, 0x14c00000)
   the space 16404K,  95% used [0x0a150000, 0x0b096ca0, 0x0b096e00, 0x0b155000)
 Metaspace       used 25159K, capacity 26135K, committed 26240K, reserved 27008K
Event: 1990.801 GC heap after
Heap after GC invocations=31 (full 3):
 def new generation   total 7488K, used 196K [0x04c00000, 0x05410000, 0x0a150000)
  eden space 6720K,   0% used [0x04c00000, 0x04c00000, 0x05290000)
  from space 768K,  25% used [0x05290000, 0x052c10f8, 0x05350000)
  to   space 768K,   0% used [0x05350000, 0x05350000, 0x05410000)
 tenured generation   total 16404K, used 16026K [0x0a150000, 0x0b155000, 0x14c00000)
   the space 16404K,  97% used [0x0a150000, 0x0b0f6950, 0x0b0f6a00, 0x0b155000)
 Metaspace       used 25159K, capacity 26135K, committed 26240K, reserved 27008K
}

